F:\C_C++\IMAGEPROCESS\IMAGERETRIVE01\DEBUG\IMAGERETRIVE01.EXE
F:\C_C++\IMAGEPROCESS\IMAGERETRIVE01\DEBUG\IMAGERETRIVE01.ILK
F:\C_C++\IMAGEPROCESS\IMAGERETRIVE01\DEBUG\IMAGERETRIVE01.PDB
F:\C_C++\imageProcess\ImageRetrive01\ImageRetrive01\Debug\cl.command.1.tlog
F:\C_C++\imageProcess\ImageRetrive01\ImageRetrive01\Debug\CL.read.1.tlog
F:\C_C++\imageProcess\ImageRetrive01\ImageRetrive01\Debug\CL.write.1.tlog
F:\C_C++\IMAGEPROCESS\IMAGERETRIVE01\IMAGERETRIVE01\DEBUG\CVVIMAGE.OBJ
F:\C_C++\IMAGEPROCESS\IMAGERETRIVE01\IMAGERETRIVE01\DEBUG\FEATURE.OBJ
F:\C_C++\IMAGEPROCESS\IMAGERETRIVE01\IMAGERETRIVE01\DEBUG\FEEDBACKDLG.OBJ
F:\C_C++\IMAGEPROCESS\IMAGERETRIVE01\IMAGERETRIVE01\DEBUG\IMAGERETRIVE01.EXE.EMBED.MANIFEST
F:\C_C++\IMAGEPROCESS\IMAGERETRIVE01\IMAGERETRIVE01\DEBUG\IMAGERETRIVE01.EXE.EMBED.MANIFEST.RES
F:\C_C++\IMAGEPROCESS\IMAGERETRIVE01\IMAGERETRIVE01\DEBUG\IMAGERETRIVE01.EXE.INTERMEDIATE.MANIFEST
F:\C_C++\IMAGEPROCESS\IMAGERETRIVE01\IMAGERETRIVE01\DEBUG\IMAGERETRIVE01.OBJ
F:\C_C++\IMAGEPROCESS\IMAGERETRIVE01\IMAGERETRIVE01\DEBUG\IMAGERETRIVE01.PCH
F:\C_C++\IMAGEPROCESS\IMAGERETRIVE01\IMAGERETRIVE01\DEBUG\IMAGERETRIVE01.RES
F:\C_C++\imageProcess\ImageRetrive01\ImageRetrive01\Debug\ImageRetrive01.vcxprojResolveAssemblyReference.cache
F:\C_C++\imageProcess\ImageRetrive01\ImageRetrive01\Debug\ImageRetrive01.write.1.tlog
F:\C_C++\imageProcess\ImageRetrive01\ImageRetrive01\Debug\ImageRetrive01_manifest.rc
F:\C_C++\IMAGEPROCESS\IMAGERETRIVE01\IMAGERETRIVE01\DEBUG\IMAGERETRIVE01DLG.OBJ
F:\C_C++\imageProcess\ImageRetrive01\ImageRetrive01\Debug\link.1408.read.1.tlog
F:\C_C++\imageProcess\ImageRetrive01\ImageRetrive01\Debug\link.1408.write.1.tlog
F:\C_C++\imageProcess\ImageRetrive01\ImageRetrive01\Debug\link.1408-cvtres.read.1.tlog
F:\C_C++\imageProcess\ImageRetrive01\ImageRetrive01\Debug\link.1408-cvtres.write.1.tlog
F:\C_C++\imageProcess\ImageRetrive01\ImageRetrive01\Debug\link.2040.read.1.tlog
F:\C_C++\imageProcess\ImageRetrive01\ImageRetrive01\Debug\link.2040.write.1.tlog
F:\C_C++\imageProcess\ImageRetrive01\ImageRetrive01\Debug\link.2040-cvtres.read.1.tlog
F:\C_C++\imageProcess\ImageRetrive01\ImageRetrive01\Debug\link.2040-cvtres.write.1.tlog
F:\C_C++\imageProcess\ImageRetrive01\ImageRetrive01\Debug\link.2348.read.1.tlog
F:\C_C++\imageProcess\ImageRetrive01\ImageRetrive01\Debug\link.2348.write.1.tlog
F:\C_C++\imageProcess\ImageRetrive01\ImageRetrive01\Debug\link.2348-cvtres.read.1.tlog
F:\C_C++\imageProcess\ImageRetrive01\ImageRetrive01\Debug\link.2348-cvtres.write.1.tlog
F:\C_C++\imageProcess\ImageRetrive01\ImageRetrive01\Debug\link.3464.read.1.tlog
F:\C_C++\imageProcess\ImageRetrive01\ImageRetrive01\Debug\link.3464.write.1.tlog
F:\C_C++\imageProcess\ImageRetrive01\ImageRetrive01\Debug\link.3464-cvtres.read.1.tlog
F:\C_C++\imageProcess\ImageRetrive01\ImageRetrive01\Debug\link.3464-cvtres.write.1.tlog
F:\C_C++\imageProcess\ImageRetrive01\ImageRetrive01\Debug\link.4876.read.1.tlog
F:\C_C++\imageProcess\ImageRetrive01\ImageRetrive01\Debug\link.4876.write.1.tlog
F:\C_C++\imageProcess\ImageRetrive01\ImageRetrive01\Debug\link.4876-cvtres.read.1.tlog
F:\C_C++\imageProcess\ImageRetrive01\ImageRetrive01\Debug\link.4876-cvtres.write.1.tlog
F:\C_C++\imageProcess\ImageRetrive01\ImageRetrive01\Debug\link.5640.read.1.tlog
F:\C_C++\imageProcess\ImageRetrive01\ImageRetrive01\Debug\link.5640.write.1.tlog
F:\C_C++\imageProcess\ImageRetrive01\ImageRetrive01\Debug\link.5640-cvtres.read.1.tlog
F:\C_C++\imageProcess\ImageRetrive01\ImageRetrive01\Debug\link.5640-cvtres.write.1.tlog
F:\C_C++\imageProcess\ImageRetrive01\ImageRetrive01\Debug\link.7904.read.1.tlog
F:\C_C++\imageProcess\ImageRetrive01\ImageRetrive01\Debug\link.7904.write.1.tlog
F:\C_C++\imageProcess\ImageRetrive01\ImageRetrive01\Debug\link.7904-cvtres.read.1.tlog
F:\C_C++\imageProcess\ImageRetrive01\ImageRetrive01\Debug\link.7904-cvtres.write.1.tlog
F:\C_C++\imageProcess\ImageRetrive01\ImageRetrive01\Debug\link.8428.read.1.tlog
F:\C_C++\imageProcess\ImageRetrive01\ImageRetrive01\Debug\link.8428.write.1.tlog
F:\C_C++\imageProcess\ImageRetrive01\ImageRetrive01\Debug\link.8428-cvtres.read.1.tlog
F:\C_C++\imageProcess\ImageRetrive01\ImageRetrive01\Debug\link.8428-cvtres.write.1.tlog
F:\C_C++\imageProcess\ImageRetrive01\ImageRetrive01\Debug\link.command.1.tlog
F:\C_C++\imageProcess\ImageRetrive01\ImageRetrive01\Debug\link.read.1.tlog
F:\C_C++\imageProcess\ImageRetrive01\ImageRetrive01\Debug\link.write.1.tlog
F:\C_C++\imageProcess\ImageRetrive01\ImageRetrive01\Debug\link-cvtres.read.1.tlog
F:\C_C++\imageProcess\ImageRetrive01\ImageRetrive01\Debug\link-cvtres.write.1.tlog
F:\C_C++\imageProcess\ImageRetrive01\ImageRetrive01\Debug\mt.command.1.tlog
F:\C_C++\imageProcess\ImageRetrive01\ImageRetrive01\Debug\mt.read.1.tlog
F:\C_C++\imageProcess\ImageRetrive01\ImageRetrive01\Debug\mt.write.1.tlog
F:\C_C++\IMAGEPROCESS\IMAGERETRIVE01\IMAGERETRIVE01\DEBUG\MYBAYESALGORITHMS01.OBJ
F:\C_C++\imageProcess\ImageRetrive01\ImageRetrive01\Debug\rc.command.1.tlog
F:\C_C++\imageProcess\ImageRetrive01\ImageRetrive01\Debug\rc.read.1.tlog
F:\C_C++\imageProcess\ImageRetrive01\ImageRetrive01\Debug\rc.write.1.tlog
F:\C_C++\IMAGEPROCESS\IMAGERETRIVE01\IMAGERETRIVE01\DEBUG\STDAFX.OBJ
F:\C_C++\imageProcess\ImageRetrive01\ImageRetrive01\Debug\vc100.idb
F:\C_C++\IMAGEPROCESS\IMAGERETRIVE01\IMAGERETRIVE01\DEBUG\VC100.PDB
F:\C_C++\IMAGEPROCESS\备份\IMAGERETRIVE01\DEBUG\IMAGERETRIVE01.EXE
F:\C_C++\IMAGEPROCESS\备份\IMAGERETRIVE01\DEBUG\IMAGERETRIVE01.ILK
F:\C_C++\IMAGEPROCESS\备份\IMAGERETRIVE01\DEBUG\IMAGERETRIVE01.PDB
F:\C_C++\IMAGEPROCESS\备份\IMAGERETRIVE01\IMAGERETRIVE01\DEBUG\CVVIMAGE.OBJ
F:\C_C++\IMAGEPROCESS\备份\IMAGERETRIVE01\IMAGERETRIVE01\DEBUG\FEEDBACKDLG.OBJ
F:\C_C++\IMAGEPROCESS\备份\IMAGERETRIVE01\IMAGERETRIVE01\DEBUG\IMAGERETRIVE01.EXE.EMBED.MANIFEST.RES
F:\C_C++\IMAGEPROCESS\备份\IMAGERETRIVE01\IMAGERETRIVE01\DEBUG\IMAGERETRIVE01.EXE.INTERMEDIATE.MANIFEST
F:\C_C++\IMAGEPROCESS\备份\IMAGERETRIVE01\IMAGERETRIVE01\DEBUG\IMAGERETRIVE01.OBJ
F:\C_C++\IMAGEPROCESS\备份\IMAGERETRIVE01\IMAGERETRIVE01\DEBUG\IMAGERETRIVE01.PCH
F:\C_C++\IMAGEPROCESS\备份\IMAGERETRIVE01\IMAGERETRIVE01\DEBUG\IMAGERETRIVE01.RES
F:\C_C++\IMAGEPROCESS\备份\IMAGERETRIVE01\IMAGERETRIVE01\DEBUG\IMAGERETRIVE01DLG.OBJ
F:\C_C++\IMAGEPROCESS\备份\IMAGERETRIVE01\IMAGERETRIVE01\DEBUG\STDAFX.OBJ
F:\C_C++\IMAGEPROCESS\备份\IMAGERETRIVE01\IMAGERETRIVE01\DEBUG\VC100.PDB
