生成启动时间为 2016/11/30 16:00:51。
     1>项目“F:\C_C++\imageProcess\ImageRetrive01\ImageRetrive01\ImageRetrive01.vcxproj”在节点 2 上(build 个目标)。
     1>InitializeBuildStatus:
         正在创建“Debug\ImageRetrive01.unsuccessfulbuild”，因为已指定“AlwaysCreate”。
       ClCompile:
         所有输出均为最新。
         d:\soft_install\vs2010\VC\bin\CL.exe /c /ZI /nologo /W3 /WX- /Od /Oy- /D WIN32 /D _WINDOWS /D _DEBUG /D _UNICODE /D UNICODE /D _AFXDLL /Gm /EHsc /RTC1 /MDd /GS /fp:precise /Zc:wchar_t /Zc:forScope /Yu"StdAfx.h" /Fp"Debug\ImageRetrive01.pch" /Fo"Debug\\" /Fd"Debug\vc100.pdb" /Gd /TP /analyze- /errorReport:prompt ImageRetrive01Dlg.cpp
         ImageRetrive01Dlg.cpp
     1>d:\soft_install\opencv\opencv\build\include\opencv2\flann\logger.h(66): warning C4996: 'fopen': This function or variable may be unsafe. Consider using fopen_s instead. To disable deprecation, use _CRT_SECURE_NO_WARNINGS. See online help for details.
                 d:\soft_install\vs2010\vc\include\stdio.h(234) : 参见“fopen”的声明
     1>f:\c_c++\imageprocess\imageretrive01\imageretrive01\imageretrive01dlg.cpp(283): warning C4018: “<”: 有符号/无符号不匹配
     1>f:\c_c++\imageprocess\imageretrive01\imageretrive01\imageretrive01dlg.cpp(310): warning C4996: 'sprintf': This function or variable may be unsafe. Consider using sprintf_s instead. To disable deprecation, use _CRT_SECURE_NO_WARNINGS. See online help for details.
                 d:\soft_install\vs2010\vc\include\stdio.h(371) : 参见“sprintf”的声明
     1>f:\c_c++\imageprocess\imageretrive01\imageretrive01\imageretrive01dlg.cpp(365): warning C4018: “>=”: 有符号/无符号不匹配
     1>f:\c_c++\imageprocess\imageretrive01\imageretrive01\imageretrive01dlg.cpp(365): warning C4018: “<=”: 有符号/无符号不匹配
     1>f:\c_c++\imageprocess\imageretrive01\imageretrive01\imageretrive01dlg.cpp(368): warning C4018: “<”: 有符号/无符号不匹配
     1>f:\c_c++\imageprocess\imageretrive01\imageretrive01\imageretrive01dlg.cpp(378): warning C4018: “<”: 有符号/无符号不匹配
     1>f:\c_c++\imageprocess\imageretrive01\imageretrive01\imageretrive01dlg.cpp(396): warning C4018: “>=”: 有符号/无符号不匹配
     1>f:\c_c++\imageprocess\imageretrive01\imageretrive01\imageretrive01dlg.cpp(401): warning C4018: “<”: 有符号/无符号不匹配
     1>f:\c_c++\imageprocess\imageretrive01\imageretrive01\imageretrive01dlg.cpp(605): warning C4996: 'sprintf': This function or variable may be unsafe. Consider using sprintf_s instead. To disable deprecation, use _CRT_SECURE_NO_WARNINGS. See online help for details.
                 d:\soft_install\vs2010\vc\include\stdio.h(371) : 参见“sprintf”的声明
       ResourceCompile:
         C:\Program Files (x86)\Microsoft SDKs\Windows\v7.0A\bin\rc.exe /D _DEBUG /D _UNICODE /D UNICODE /D _AFXDLL /l"0x0804" /IDebug\ /nologo /fo"Debug\ImageRetrive01.res" ImageRetrive01.rc 
       ManifestResourceCompile:
         所有输出均为最新。
       Link:
         d:\soft_install\vs2010\VC\bin\link.exe /ERRORREPORT:PROMPT /OUT:"F:\C_C++\imageProcess\ImageRetrive01\Debug\ImageRetrive01.exe" /INCREMENTAL /NOLOGO opencv_calib3d249d.lib opencv_contrib249d.lib opencv_core249d.lib opencv_features2d249d.lib opencv_flann249d.lib opencv_gpu249d.lib opencv_highgui249d.lib opencv_imgproc249d.lib opencv_legacy249d.lib opencv_ml249d.lib opencv_nonfree249d.lib opencv_objdetect249d.lib opencv_photo249d.lib opencv_stitching249d.lib opencv_ts249d.lib opencv_video249d.lib opencv_videostab249d.lib /MANIFEST /ManifestFile:"Debug\ImageRetrive01.exe.intermediate.manifest" /MANIFESTUAC:"level='asInvoker' uiAccess='false'" /DEBUG /PDB:"F:\C_C++\imageProcess\ImageRetrive01\Debug\ImageRetrive01.pdb" /SUBSYSTEM:WINDOWS /TLBID:1 /ENTRY:"wWinMainCRTStartup" /DYNAMICBASE /NXCOMPAT /IMPLIB:"F:\C_C++\imageProcess\ImageRetrive01\Debug\ImageRetrive01.lib" /MACHINE:X86 Debug\ImageRetrive01.res
         Debug\ImageRetrive01.exe.embed.manifest.res
         Debug\BayesAlgorithms.obj
         Debug\CvvImage.obj
         Debug\Feature.obj
         Debug\FeedbackDlg.obj
         Debug\ImageRetrive01.obj
         Debug\ImageRetrive01Dlg.obj
         Debug\MyBayesAlgorithms01.obj
         Debug\stdafx.obj
       Manifest:
         C:\Program Files (x86)\Microsoft SDKs\Windows\v7.0A\bin\mt.exe /nologo /verbose /out:"Debug\ImageRetrive01.exe.embed.manifest" /manifest Debug\ImageRetrive01.exe.intermediate.manifest d:\soft_install\vs2010\VC\Include\Manifest\dpiaware.manifest
         所有输出均为最新。
       LinkEmbedManifest:
         所有输出均为最新。
         ImageRetrive01.vcxproj -> F:\C_C++\imageProcess\ImageRetrive01\Debug\ImageRetrive01.exe
       FinalizeBuildStatus:
         正在删除文件“Debug\ImageRetrive01.unsuccessfulbuild”。
         正在对“Debug\ImageRetrive01.lastbuildstate”执行 Touch 任务。
     1>已完成生成项目“F:\C_C++\imageProcess\ImageRetrive01\ImageRetrive01\ImageRetrive01.vcxproj”(build 个目标)的操作。

生成成功。

已用时间 00:00:02.00
